[INFO] Scanning for projects...
[INFO]                                                                         
[INFO] ------------------------------------------------------------------------
[INFO] Building Sample Project with Python tests using TextTest Plugin 1.0-SNAPSHOT
[INFO] ------------------------------------------------------------------------
[INFO] 
[INFO] --- maven-resources-plugin:2.6:resources (default-resources) @ myapp ---
[WARNING] Using platform encoding (UTF-8 actually) to copy filtered resources, i.e. build is platform dependent!
[INFO] skip non existing resourceDirectory /Users/emilyb/.texttest/tmp/ttmp.26Nov145703.33640/ttmp/whole_lifecycle/python_tests_failing/myapp/src/main/resources
[INFO] 
[INFO] --- maven-compiler-plugin:3.1:compile (default-compile) @ myapp ---
[INFO] No sources to compile
[INFO] 
[INFO] --- maven-resources-plugin:2.6:testResources (default-testResources) @ myapp ---
[WARNING] Using platform encoding (UTF-8 actually) to copy filtered resources, i.e. build is platform dependent!
[INFO] skip non existing resourceDirectory /Users/emilyb/.texttest/tmp/ttmp.26Nov145703.33640/ttmp/whole_lifecycle/python_tests_failing/myapp/src/test/resources
[INFO] 
[INFO] --- maven-compiler-plugin:3.1:testCompile (default-testCompile) @ myapp ---
[INFO] No sources to compile
[INFO] 
[INFO] --- maven-surefire-plugin:2.12.4:test (default-test) @ myapp ---
[INFO] No tests to run.
[INFO] 
[INFO] --- maven-jar-plugin:2.4:jar (default-jar) @ myapp ---
[WARNING] JAR will be empty - no content was marked for inclusion!
[INFO] Building jar: /Users/emilyb/.texttest/tmp/ttmp.26Nov145703.33640/ttmp/whole_lifecycle/python_tests_failing/myapp/target/myapp-1.0-SNAPSHOT.jar
[INFO] 
[INFO] --- texttest-maven-plugin:1.8-SNAPSHOT:install-texttests (run-texttests) @ myapp ---
[INFO] Will install TextTests globally with name myapp under TEXTTEST_ROOT /Users/emilyb/.texttest/tmp/ttmp.26Nov145703.33640/ttmp/whole_lifecycle/python_tests_failing/texttest_home
[WARNING] TEXTTEST_ROOT did not exist, creating /Users/emilyb/.texttest/tmp/ttmp.26Nov145703.33640/ttmp/whole_lifecycle/python_tests_failing/texttest_home
[INFO] 
[INFO] --- texttest-maven-plugin:1.8-SNAPSHOT:run-texttests (run-texttests) @ myapp ---
[INFO] found texttest on PATH at location: /usr/local/bin/texttest
[INFO] 2014-11-26 14:57:19,097 - Using local queues for Application MyApp, checkout /Users/emilyb/.texttest/tmp/ttmp.26Nov145703.33640/ttmp/whole_lifecycle/python_tests_failing/myapp
[INFO] 2014-11-26 14:57:19,102 - Q: Submitting MyApp test-case hello to default local queue
[INFO] 2014-11-26 14:57:19,488 - S: MyApp test-case hello FAILED on Emilys-MacBook-Pro : differences in stdout
[INFO] 2014-11-26 14:57:19,490 - Results:
[INFO] 2014-11-26 14:57:19,490 - 
[INFO] 2014-11-26 14:57:19,490 - Tests that did not succeed:
[INFO] 2014-11-26 14:57:19,490 -   MyApp test-case hello FAILED on Emilys-MacBook-Pro : differences in stdout
[INFO] 2014-11-26 14:57:19,490 - 
[INFO] 2014-11-26 14:57:19,490 - Tests Run: 1, Failures: 1
[INFO] ------------------------------------------------------------------------
[INFO] BUILD FAILURE
[INFO] ------------------------------------------------------------------------
[INFO] Total time: 11.570 s
[INFO] Finished at: 2014-11-26T14:57:20+01:00
[INFO] Final Memory: 12M/245M
[INFO] ------------------------------------------------------------------------
[ERROR] Failed to execute goal org.texttest:texttest-maven-plugin:1.8-SNAPSHOT:run-texttests (run-texttests) on project myapp: There were test failures -> [Help 1]
[ERROR] 
[ERROR] To see the full stack trace of the errors, re-run Maven with the -e switch.
[ERROR] Re-run Maven using the -X switch to enable full debug logging.
[ERROR] 
[ERROR] For more information about the errors and possible solutions, please read the following articles:
[ERROR] [Help 1] http://cwiki.apache.org/confluence/display/MAVEN/MojoExecutionException
